<?xml version="1.0" encoding="UTF-8"?>
<testsuite xmlns:xsi="http://www.w3.org/2001/XMLSchema-instance" xsi:noNamespaceSchemaLocation="https://maven.apache.org/surefire/maven-surefire-plugin/xsd/surefire-test-report-3.0.xsd" version="3.0" name="TestSuite" time="78.315" tests="10" errors="0" skipped="0" failures="0">
  <properties>
[...]
</properties>
  <testcase name="testUserRegistration" classname="com.ezyshopper.tests.EzyShopperTests" time="6.692">
    <system-out><![CDATA[=================================================
Starting EzyShopper Test Suite
=================================================

--- Test 1: User Registration ---
✓ Registration form submitted
✓ Test user email: testuser1765104132074@example.com
✓ User logged in: true
✓ Browser closed after signup test
]]></system-out>
    <system-err><![CDATA[SLF4J: Failed to load class "org.slf4j.impl.StaticLoggerBinder".
SLF4J: Defaulting to no-operation (NOP) logger implementation
SLF4J: See http://www.slf4j.org/codes.html#StaticLoggerBinder for further details.
Dec 07, 2025 3:42:10 PM org.openqa.selenium.devtools.CdpVersionFinder findNearestMatch
WARNING: Unable to find CDP implementation matching 142
Dec 07, 2025 3:42:10 PM org.openqa.selenium.chromium.ChromiumDriver lambda$new$5
WARNING: Unable to find version of CDP to use for 142.0.7444.177. You may need to include a dependency on a specific version of the CDP using something similar to `org.seleniumhq.selenium:selenium-devtools-v86:4.16.1` where the version ("v86") matches the version of the chromium-based browser you're using and the version number of the artifact is the same as Selenium's.
]]></system-err>
  </testcase>
  <testcase name="testUserLogin" classname="com.ezyshopper.tests.EzyShopperTests" time="9.439">
    <system-out><![CDATA[
--- Test 2: User Login ---
✓ Login form submitted
✓ Test user: logintest1765104137594@example.com
✓ Cart link visible: true
✓ Logout button visible: true
✓ Browser will stay open for remaining tests
]]></system-out>
    <system-err><![CDATA[Dec 07, 2025 3:42:16 PM org.openqa.selenium.devtools.CdpVersionFinder findNearestMatch
WARNING: Unable to find CDP implementation matching 142
Dec 07, 2025 3:42:16 PM org.openqa.selenium.chromium.ChromiumDriver lambda$new$5
WARNING: Unable to find version of CDP to use for 142.0.7444.177. You may need to include a dependency on a specific version of the CDP using something similar to `org.seleniumhq.selenium:selenium-devtools-v86:4.16.1` where the version ("v86") matches the version of the chromium-based browser you're using and the version number of the artifact is the same as Selenium's.
]]></system-err>
  </testcase>
  <testcase name="testHomepageVerification" classname="com.ezyshopper.tests.EzyShopperTests" time="1.641">
    <system-out><![CDATA[
--- Test 3: Homepage Verification ---
✓ Homepage loaded successfully
✓ User is logged in
✓ Product categories visible
]]></system-out>
  </testcase>
  <testcase name="testCategoryNavigation" classname="com.ezyshopper.tests.EzyShopperTests" time="12.781">
    <system-out><![CDATA[
--- Test 4: Category Navigation ---
Testing Jeans category...
Current URL: http://13.234.238.153:5174/category/jeans
✓ Jeans category loaded
Testing T-shirts category...
Current URL: http://13.234.238.153:5174/category/t-shirts
✓ T-shirts category loaded
Testing Shoes category...
Current URL: http://13.234.238.153:5174/category/shoes
✓ Shoes category loaded
✓ Multiple category navigation successful
]]></system-out>
  </testcase>
  <testcase name="testProductBrowsing" classname="com.ezyshopper.tests.EzyShopperTests" time="5.242">
    <system-out><![CDATA[
--- Test 5: Product Browsing ---
Navigating to Jeans category...
Current URL: http://13.234.238.153:5174/category/jeans
Product count found: 1
✓ Products found: 1
First product name: Jean 1
First product price: $99
✓ First product name: Jean 1
✓ First product price: $99
]]></system-out>
  </testcase>
  <testcase name="testMultipleCategoryPages" classname="com.ezyshopper.tests.EzyShopperTests" time="2.696">
    <system-out><![CDATA[
--- Test 6: Multiple Category Pages ---
✓ Glasses category page loaded
✓ Bags category page loaded
]]></system-out>
  </testcase>
  <testcase name="testAddToCart" classname="com.ezyshopper.tests.EzyShopperTests" time="8.05">
    <system-out><![CDATA[
--- Test 7: Add Product to Cart ---
Navigating to Jeans category...
Current URL: http://13.234.238.153:5174/category/jeans
Products available: 1
Attempting to add product: Jean 1
✓ Add to cart button clicked
✓ Cart count badge visible: true
✓ Cart count: 1
]]></system-out>
  </testcase>
  <testcase name="testAddAnotherProduct" classname="com.ezyshopper.tests.EzyShopperTests" time="4.399">
    <system-out><![CDATA[
--- Test 8: Add Another Product to Cart ---
Products available: 2
✓ Product added to cart from T-shirts category
✓ Cart now has 2 item(s)
]]></system-out>
  </testcase>
  <testcase name="testViewCartMultipleItems" classname="com.ezyshopper.tests.EzyShopperTests" time="12.21">
    <system-out><![CDATA[
--- Test 9: View Cart with Multiple Items ---
✓ Cart has 4 item(s)
✓ Cart has multiple items as expected
]]></system-out>
  </testcase>
  <testcase name="testEndToEndShopping" classname="com.ezyshopper.tests.EzyShopperTests" time="14.601">
    <system-out><![CDATA[
--- Test 10: End-to-End Shopping Flow ---
✓ Step 1: Homepage loaded
✓ Step 2: User already logged in: logintest1765104137594@example.com
✓ Step 3: Shoes category page loaded
✓ Step 4: Cart page loaded
✓ Step 5: Cart has 4 item(s) from previous tests
✓ Step 6: End-to-end flow completed successfully
✓ User can browse categories and view cart with multiple items
✓ End-to-End shopping flow test completed
]]></system-out>
  </testcase>
</testsuite>
