<?xml version="1.0" encoding="UTF-8"?>
<!-- Generated by org.testng.reporters.JUnitReportReporter -->
<testsuite hostname="KASHAN" failures="0" tests="10" name="com.ezyshopper.tests.EzyShopperTests" time="77.757" errors="0" timestamp="2025-12-07T15:43:26 PKT" skipped="0">
  <testcase classname="com.ezyshopper.tests.EzyShopperTests" name="testUserRegistration" time="6.692"/>
  <testcase classname="com.ezyshopper.tests.EzyShopperTests" name="testUserLogin" time="9.443"/>
  <testcase classname="com.ezyshopper.tests.EzyShopperTests" name="testHomepageVerification" time="1.643"/>
  <testcase classname="com.ezyshopper.tests.EzyShopperTests" name="testCategoryNavigation" time="12.781"/>
  <testcase classname="com.ezyshopper.tests.EzyShopperTests" name="testProductBrowsing" time="5.242"/>
  <testcase classname="com.ezyshopper.tests.EzyShopperTests" name="testMultipleCategoryPages" time="2.696"/>
  <testcase classname="com.ezyshopper.tests.EzyShopperTests" name="testAddToCart" time="8.050"/>
  <testcase classname="com.ezyshopper.tests.EzyShopperTests" name="testAddAnotherProduct" time="4.399"/>
  <testcase classname="com.ezyshopper.tests.EzyShopperTests" name="testViewCartMultipleItems" time="12.210"/>
  <testcase classname="com.ezyshopper.tests.EzyShopperTests" name="testEndToEndShopping" time="14.601"/>
</testsuite> <!-- com.ezyshopper.tests.EzyShopperTests -->
